2022-08-12 11:29:09.569 - Info	
Packing C:\PCFLookupInformationPanel\PCFLookupInformationPanelSln\obj\Debug\Metadata to bin\Debug\PCFLookupInformationPanelSln.zip and bin\Debug\PCFLookupInformationPanelSln_managed.zip

2022-08-12 11:29:09.584 - Info	Processing Component: Entities
2022-08-12 11:29:09.584 - Info	Processing Component: Roles
2022-08-12 11:29:09.600 - Info	Processing Component: Workflows
2022-08-12 11:29:09.600 - Info	Processing Component: FieldSecurityProfiles
2022-08-12 11:29:09.600 - Info	Processing Component: Templates
2022-08-12 11:29:09.600 - Info	Processing Component: EntityMaps
2022-08-12 11:29:09.600 - Info	Processing Component: EntityRelationships
2022-08-12 11:29:09.616 - Info	Processing Component: OrganizationSettings
2022-08-12 11:29:09.616 - Info	Processing Component: optionsets
2022-08-12 11:29:09.616 - Info	Processing Component: CustomControls
2022-08-12 11:29:09.631 - Info	 - CFM.PCFLookupInformationPanel
2022-08-12 11:29:09.631 - Info	Processing Component: SolutionPluginAssemblies
2022-08-12 11:29:09.631 - Info	Processing Component: EntityDataProviders
2022-08-12 11:29:09.731 - Info	
Unmanaged Pack complete.

2022-08-12 11:29:09.731 - Info	Processing Component: Entities
2022-08-12 11:29:09.731 - Info	Processing Component: Roles
2022-08-12 11:29:09.731 - Info	Processing Component: Workflows
2022-08-12 11:29:09.747 - Info	Processing Component: FieldSecurityProfiles
2022-08-12 11:29:09.747 - Info	Processing Component: Templates
2022-08-12 11:29:09.749 - Info	Processing Component: EntityMaps
2022-08-12 11:29:09.749 - Info	Processing Component: EntityRelationships
2022-08-12 11:29:09.749 - Info	Processing Component: OrganizationSettings
2022-08-12 11:29:09.749 - Info	Processing Component: optionsets
2022-08-12 11:29:09.749 - Info	Processing Component: CustomControls
2022-08-12 11:29:09.749 - Info	 - CFM.PCFLookupInformationPanel
2022-08-12 11:29:09.749 - Info	Processing Component: SolutionPluginAssemblies
2022-08-12 11:29:09.749 - Info	Processing Component: EntityDataProviders
2022-08-12 11:29:09.821 - Info	
Managed Pack complete.

2022-08-12 11:41:50.636 - Info	
Packing C:\PCFLookupInformationPanel\PCFLookupInformationPanelSln\obj\Debug\Metadata to bin\Debug\PCFLookupInformationPanelSln.zip and bin\Debug\PCFLookupInformationPanelSln_managed.zip

2022-08-12 11:41:50.651 - Info	Processing Component: Entities
2022-08-12 11:41:50.651 - Info	Processing Component: Roles
2022-08-12 11:41:50.651 - Info	Processing Component: Workflows
2022-08-12 11:41:50.651 - Info	Processing Component: FieldSecurityProfiles
2022-08-12 11:41:50.667 - Info	Processing Component: Templates
2022-08-12 11:41:50.667 - Info	Processing Component: EntityMaps
2022-08-12 11:41:50.667 - Info	Processing Component: EntityRelationships
2022-08-12 11:41:50.689 - Info	Processing Component: OrganizationSettings
2022-08-12 11:41:50.689 - Info	Processing Component: optionsets
2022-08-12 11:41:50.689 - Info	Processing Component: CustomControls
2022-08-12 11:41:50.705 - Info	 - CFM.PCFLookupInformationPanel
2022-08-12 11:41:50.705 - Info	Processing Component: SolutionPluginAssemblies
2022-08-12 11:41:50.720 - Info	Processing Component: EntityDataProviders
2022-08-12 11:41:50.808 - Info	
Unmanaged Pack complete.

2022-08-12 11:41:50.808 - Info	Processing Component: Entities
2022-08-12 11:41:50.814 - Info	Processing Component: Roles
2022-08-12 11:41:50.814 - Info	Processing Component: Workflows
2022-08-12 11:41:50.814 - Info	Processing Component: FieldSecurityProfiles
2022-08-12 11:41:50.814 - Info	Processing Component: Templates
2022-08-12 11:41:50.814 - Info	Processing Component: EntityMaps
2022-08-12 11:41:50.814 - Info	Processing Component: EntityRelationships
2022-08-12 11:41:50.814 - Info	Processing Component: OrganizationSettings
2022-08-12 11:41:50.814 - Info	Processing Component: optionsets
2022-08-12 11:41:50.814 - Info	Processing Component: CustomControls
2022-08-12 11:41:50.826 - Info	 - CFM.PCFLookupInformationPanel
2022-08-12 11:41:50.829 - Info	Processing Component: SolutionPluginAssemblies
2022-08-12 11:41:50.829 - Info	Processing Component: EntityDataProviders
2022-08-12 11:41:50.883 - Info	
Managed Pack complete.

2022-08-12 11:48:46.513 - Info	
Packing C:\PCFLookupInformationPanel\PCFLookupInformationPanelSln\obj\Debug\Metadata to bin\Debug\PCFLookupInformationPanelSln.zip and bin\Debug\PCFLookupInformationPanelSln_managed.zip

2022-08-12 11:48:46.528 - Info	Processing Component: Entities
2022-08-12 11:48:46.535 - Info	Processing Component: Roles
2022-08-12 11:48:46.535 - Info	Processing Component: Workflows
2022-08-12 11:48:46.535 - Info	Processing Component: FieldSecurityProfiles
2022-08-12 11:48:46.535 - Info	Processing Component: Templates
2022-08-12 11:48:46.535 - Info	Processing Component: EntityMaps
2022-08-12 11:48:46.535 - Info	Processing Component: EntityRelationships
2022-08-12 11:48:46.555 - Info	Processing Component: OrganizationSettings
2022-08-12 11:48:46.555 - Info	Processing Component: optionsets
2022-08-12 11:48:46.555 - Info	Processing Component: CustomControls
2022-08-12 11:48:46.555 - Info	 - CFM.PCFLookupInformationPanel
2022-08-12 11:48:46.571 - Info	Processing Component: SolutionPluginAssemblies
2022-08-12 11:48:46.571 - Info	Processing Component: EntityDataProviders
2022-08-12 11:48:46.650 - Info	
Unmanaged Pack complete.

2022-08-12 11:48:46.650 - Info	Processing Component: Entities
2022-08-12 11:48:46.650 - Info	Processing Component: Roles
2022-08-12 11:48:46.650 - Info	Processing Component: Workflows
2022-08-12 11:48:46.650 - Info	Processing Component: FieldSecurityProfiles
2022-08-12 11:48:46.650 - Info	Processing Component: Templates
2022-08-12 11:48:46.650 - Info	Processing Component: EntityMaps
2022-08-12 11:48:46.650 - Info	Processing Component: EntityRelationships
2022-08-12 11:48:46.666 - Info	Processing Component: OrganizationSettings
2022-08-12 11:48:46.666 - Info	Processing Component: optionsets
2022-08-12 11:48:46.666 - Info	Processing Component: CustomControls
2022-08-12 11:48:46.666 - Info	 - CFM.PCFLookupInformationPanel
2022-08-12 11:48:46.666 - Info	Processing Component: SolutionPluginAssemblies
2022-08-12 11:48:46.666 - Info	Processing Component: EntityDataProviders
2022-08-12 11:48:46.745 - Info	
Managed Pack complete.

2022-08-12 13:42:39.374 - Info	
Packing C:\PCFLookupInformationPanel\PCFLookupInformationPanelSln\obj\Debug\Metadata to bin\Debug\PCFLookupInformationPanelSln.zip and bin\Debug\PCFLookupInformationPanelSln_managed.zip

2022-08-12 13:42:39.385 - Info	Processing Component: Entities
2022-08-12 13:42:39.394 - Info	Processing Component: Roles
2022-08-12 13:42:39.394 - Info	Processing Component: Workflows
2022-08-12 13:42:39.402 - Info	Processing Component: FieldSecurityProfiles
2022-08-12 13:42:39.404 - Info	Processing Component: Templates
2022-08-12 13:42:39.404 - Info	Processing Component: EntityMaps
2022-08-12 13:42:39.404 - Info	Processing Component: EntityRelationships
2022-08-12 13:42:39.412 - Info	Processing Component: OrganizationSettings
2022-08-12 13:42:39.412 - Info	Processing Component: optionsets
2022-08-12 13:42:39.412 - Info	Processing Component: CustomControls
2022-08-12 13:42:39.424 - Info	 - CFM.PCFLookupInformationPanel
2022-08-12 13:42:39.424 - Info	Processing Component: SolutionPluginAssemblies
2022-08-12 13:42:39.432 - Info	Processing Component: EntityDataProviders
2022-08-12 13:42:39.504 - Info	
Unmanaged Pack complete.

2022-08-12 13:42:39.504 - Info	Processing Component: Entities
2022-08-12 13:42:39.504 - Info	Processing Component: Roles
2022-08-12 13:42:39.504 - Info	Processing Component: Workflows
2022-08-12 13:42:39.504 - Info	Processing Component: FieldSecurityProfiles
2022-08-12 13:42:39.504 - Info	Processing Component: Templates
2022-08-12 13:42:39.504 - Info	Processing Component: EntityMaps
2022-08-12 13:42:39.504 - Info	Processing Component: EntityRelationships
2022-08-12 13:42:39.504 - Info	Processing Component: OrganizationSettings
2022-08-12 13:42:39.504 - Info	Processing Component: optionsets
2022-08-12 13:42:39.504 - Info	Processing Component: CustomControls
2022-08-12 13:42:39.520 - Info	 - CFM.PCFLookupInformationPanel
2022-08-12 13:42:39.520 - Info	Processing Component: SolutionPluginAssemblies
2022-08-12 13:42:39.520 - Info	Processing Component: EntityDataProviders
2022-08-12 13:42:39.573 - Info	
Managed Pack complete.

2022-08-12 13:51:46.213 - Info	
Packing C:\PCFLookupInformationPanel\PCFLookupInformationPanelSln\obj\Debug\Metadata to bin\Debug\PCFLookupInformationPanelSln.zip and bin\Debug\PCFLookupInformationPanelSln_managed.zip

2022-08-12 13:51:46.229 - Info	Processing Component: Entities
2022-08-12 13:51:46.229 - Info	Processing Component: Roles
2022-08-12 13:51:46.245 - Info	Processing Component: Workflows
2022-08-12 13:51:46.245 - Info	Processing Component: FieldSecurityProfiles
2022-08-12 13:51:46.245 - Info	Processing Component: Templates
2022-08-12 13:51:46.245 - Info	Processing Component: EntityMaps
2022-08-12 13:51:46.245 - Info	Processing Component: EntityRelationships
2022-08-12 13:51:46.245 - Info	Processing Component: OrganizationSettings
2022-08-12 13:51:46.260 - Info	Processing Component: optionsets
2022-08-12 13:51:46.260 - Info	Processing Component: CustomControls
2022-08-12 13:51:46.274 - Info	 - CFM.PCFLookupInformationPanel
2022-08-12 13:51:46.274 - Info	Processing Component: SolutionPluginAssemblies
2022-08-12 13:51:46.274 - Info	Processing Component: EntityDataProviders
2022-08-12 13:51:46.372 - Info	
Unmanaged Pack complete.

2022-08-12 13:51:46.375 - Info	Processing Component: Entities
2022-08-12 13:51:46.375 - Info	Processing Component: Roles
2022-08-12 13:51:46.375 - Info	Processing Component: Workflows
2022-08-12 13:51:46.375 - Info	Processing Component: FieldSecurityProfiles
2022-08-12 13:51:46.375 - Info	Processing Component: Templates
2022-08-12 13:51:46.375 - Info	Processing Component: EntityMaps
2022-08-12 13:51:46.375 - Info	Processing Component: EntityRelationships
2022-08-12 13:51:46.375 - Info	Processing Component: OrganizationSettings
2022-08-12 13:51:46.375 - Info	Processing Component: optionsets
2022-08-12 13:51:46.375 - Info	Processing Component: CustomControls
2022-08-12 13:51:46.391 - Info	 - CFM.PCFLookupInformationPanel
2022-08-12 13:51:46.391 - Info	Processing Component: SolutionPluginAssemblies
2022-08-12 13:51:46.391 - Info	Processing Component: EntityDataProviders
2022-08-12 13:51:46.456 - Info	
Managed Pack complete.

2022-08-12 13:52:04.117 - Info	
Packing C:\PCFLookupInformationPanel\PCFLookupInformationPanelSln\obj\Debug\Metadata to bin\Debug\PCFLookupInformationPanelSln.zip and bin\Debug\PCFLookupInformationPanelSln_managed.zip

2022-08-12 13:52:04.135 - Info	Processing Component: Entities
2022-08-12 13:52:04.135 - Info	Processing Component: Roles
2022-08-12 13:52:04.135 - Info	Processing Component: Workflows
2022-08-12 13:52:04.135 - Info	Processing Component: FieldSecurityProfiles
2022-08-12 13:52:04.135 - Info	Processing Component: Templates
2022-08-12 13:52:04.135 - Info	Processing Component: EntityMaps
2022-08-12 13:52:04.135 - Info	Processing Component: EntityRelationships
2022-08-12 13:52:04.150 - Info	Processing Component: OrganizationSettings
2022-08-12 13:52:04.150 - Info	Processing Component: optionsets
2022-08-12 13:52:04.150 - Info	Processing Component: CustomControls
2022-08-12 13:52:04.166 - Info	 - CFM.PCFLookupInformationPanel
2022-08-12 13:52:04.166 - Info	Processing Component: SolutionPluginAssemblies
2022-08-12 13:52:04.166 - Info	Processing Component: EntityDataProviders
2022-08-12 13:52:04.285 - Info	
Unmanaged Pack complete.

2022-08-12 13:52:04.285 - Info	Processing Component: Entities
2022-08-12 13:52:04.285 - Info	Processing Component: Roles
2022-08-12 13:52:04.285 - Info	Processing Component: Workflows
2022-08-12 13:52:04.285 - Info	Processing Component: FieldSecurityProfiles
2022-08-12 13:52:04.285 - Info	Processing Component: Templates
2022-08-12 13:52:04.285 - Info	Processing Component: EntityMaps
2022-08-12 13:52:04.285 - Info	Processing Component: EntityRelationships
2022-08-12 13:52:04.301 - Info	Processing Component: OrganizationSettings
2022-08-12 13:52:04.301 - Info	Processing Component: optionsets
2022-08-12 13:52:04.301 - Info	Processing Component: CustomControls
2022-08-12 13:52:04.301 - Info	 - CFM.PCFLookupInformationPanel
2022-08-12 13:52:04.301 - Info	Processing Component: SolutionPluginAssemblies
2022-08-12 13:52:04.301 - Info	Processing Component: EntityDataProviders
2022-08-12 13:52:04.351 - Info	
Managed Pack complete.

2022-08-12 14:21:14.495 - Info	
Packing C:\PCFLookupInformationPanel\PCFLookupInformationPanelSln\obj\Debug\Metadata to bin\Debug\PCFLookupInformationPanelSln.zip and bin\Debug\PCFLookupInformationPanelSln_managed.zip

2022-08-12 14:21:14.495 - Info	Processing Component: Entities
2022-08-12 14:21:14.516 - Info	Processing Component: Roles
2022-08-12 14:21:14.518 - Info	Processing Component: Workflows
2022-08-12 14:21:14.518 - Info	Processing Component: FieldSecurityProfiles
2022-08-12 14:21:14.518 - Info	Processing Component: Templates
2022-08-12 14:21:14.518 - Info	Processing Component: EntityMaps
2022-08-12 14:21:14.518 - Info	Processing Component: EntityRelationships
2022-08-12 14:21:14.518 - Info	Processing Component: OrganizationSettings
2022-08-12 14:21:14.518 - Info	Processing Component: optionsets
2022-08-12 14:21:14.534 - Info	Processing Component: CustomControls
2022-08-12 14:21:14.534 - Info	 - CFM.PCFLookupInformationPanel
2022-08-12 14:21:14.549 - Info	Processing Component: SolutionPluginAssemblies
2022-08-12 14:21:14.549 - Info	Processing Component: EntityDataProviders
2022-08-12 14:21:14.638 - Info	
Unmanaged Pack complete.

2022-08-12 14:21:14.638 - Info	Processing Component: Entities
2022-08-12 14:21:14.638 - Info	Processing Component: Roles
2022-08-12 14:21:14.638 - Info	Processing Component: Workflows
2022-08-12 14:21:14.638 - Info	Processing Component: FieldSecurityProfiles
2022-08-12 14:21:14.638 - Info	Processing Component: Templates
2022-08-12 14:21:14.638 - Info	Processing Component: EntityMaps
2022-08-12 14:21:14.638 - Info	Processing Component: EntityRelationships
2022-08-12 14:21:14.653 - Info	Processing Component: OrganizationSettings
2022-08-12 14:21:14.653 - Info	Processing Component: optionsets
2022-08-12 14:21:14.653 - Info	Processing Component: CustomControls
2022-08-12 14:21:14.653 - Info	 - CFM.PCFLookupInformationPanel
2022-08-12 14:21:14.653 - Info	Processing Component: SolutionPluginAssemblies
2022-08-12 14:21:14.653 - Info	Processing Component: EntityDataProviders
2022-08-12 14:21:14.700 - Info	
Managed Pack complete.

2022-08-23 14:22:28.949 - Info	
Packing C:\PCFLookupInformationPanel\PCFLookupInformationPanelSln\obj\Debug\Metadata to bin\Debug\PCFLookupInformationPanelSln.zip and bin\Debug\PCFLookupInformationPanelSln_managed.zip

2022-08-23 14:22:28.973 - Info	Processing Component: Entities
2022-08-23 14:22:28.983 - Info	Processing Component: Roles
2022-08-23 14:22:28.983 - Info	Processing Component: Workflows
2022-08-23 14:22:28.991 - Info	Processing Component: FieldSecurityProfiles
2022-08-23 14:22:28.993 - Info	Processing Component: Templates
2022-08-23 14:22:28.993 - Info	Processing Component: EntityMaps
2022-08-23 14:22:28.993 - Info	Processing Component: EntityRelationships
2022-08-23 14:22:29.004 - Info	Processing Component: OrganizationSettings
2022-08-23 14:22:29.004 - Info	Processing Component: optionsets
2022-08-23 14:22:29.004 - Info	Processing Component: CustomControls
2022-08-23 14:22:29.012 - Info	 - CFM.PCFLookupInformationPanel
2022-08-23 14:22:29.012 - Info	Processing Component: SolutionPluginAssemblies
2022-08-23 14:22:29.024 - Info	Processing Component: EntityDataProviders
2022-08-23 14:22:29.104 - Info	
Unmanaged Pack complete.

2022-08-23 14:22:29.112 - Info	Processing Component: Entities
2022-08-23 14:22:29.112 - Info	Processing Component: Roles
2022-08-23 14:22:29.112 - Info	Processing Component: Workflows
2022-08-23 14:22:29.112 - Info	Processing Component: FieldSecurityProfiles
2022-08-23 14:22:29.112 - Info	Processing Component: Templates
2022-08-23 14:22:29.112 - Info	Processing Component: EntityMaps
2022-08-23 14:22:29.112 - Info	Processing Component: EntityRelationships
2022-08-23 14:22:29.112 - Info	Processing Component: OrganizationSettings
2022-08-23 14:22:29.123 - Info	Processing Component: optionsets
2022-08-23 14:22:29.124 - Info	Processing Component: CustomControls
2022-08-23 14:22:29.128 - Info	 - CFM.PCFLookupInformationPanel
2022-08-23 14:22:29.130 - Info	Processing Component: SolutionPluginAssemblies
2022-08-23 14:22:29.131 - Info	Processing Component: EntityDataProviders
2022-08-23 14:22:29.170 - Info	
Managed Pack complete.

2022-08-23 14:32:33.394 - Info	
Packing C:\PCFLookupInformationPanel\PCFLookupInformationPanelSln\obj\Debug\Metadata to bin\Debug\PCFLookupInformationPanelSln.zip and bin\Debug\PCFLookupInformationPanelSln_managed.zip

2022-08-23 14:32:33.406 - Info	Processing Component: Entities
2022-08-23 14:32:33.406 - Info	Processing Component: Roles
2022-08-23 14:32:33.416 - Info	Processing Component: Workflows
2022-08-23 14:32:33.416 - Info	Processing Component: FieldSecurityProfiles
2022-08-23 14:32:33.416 - Info	Processing Component: Templates
2022-08-23 14:32:33.416 - Info	Processing Component: EntityMaps
2022-08-23 14:32:33.416 - Info	Processing Component: EntityRelationships
2022-08-23 14:32:33.426 - Info	Processing Component: OrganizationSettings
2022-08-23 14:32:33.426 - Info	Processing Component: optionsets
2022-08-23 14:32:33.426 - Info	Processing Component: CustomControls
2022-08-23 14:32:33.436 - Info	 - CFM.PCFLookupInformationPanel
2022-08-23 14:32:33.436 - Info	Processing Component: SolutionPluginAssemblies
2022-08-23 14:32:33.444 - Info	Processing Component: EntityDataProviders
2022-08-23 14:32:33.524 - Info	
Unmanaged Pack complete.

2022-08-23 14:32:33.526 - Info	Processing Component: Entities
2022-08-23 14:32:33.526 - Info	Processing Component: Roles
2022-08-23 14:32:33.526 - Info	Processing Component: Workflows
2022-08-23 14:32:33.526 - Info	Processing Component: FieldSecurityProfiles
2022-08-23 14:32:33.526 - Info	Processing Component: Templates
2022-08-23 14:32:33.526 - Info	Processing Component: EntityMaps
2022-08-23 14:32:33.526 - Info	Processing Component: EntityRelationships
2022-08-23 14:32:33.534 - Info	Processing Component: OrganizationSettings
2022-08-23 14:32:33.534 - Info	Processing Component: optionsets
2022-08-23 14:32:33.534 - Info	Processing Component: CustomControls
2022-08-23 14:32:33.534 - Info	 - CFM.PCFLookupInformationPanel
2022-08-23 14:32:33.534 - Info	Processing Component: SolutionPluginAssemblies
2022-08-23 14:32:33.534 - Info	Processing Component: EntityDataProviders
2022-08-23 14:32:33.597 - Info	
Managed Pack complete.

2022-08-23 14:36:33.102 - Info	
Packing C:\PCFLookupInformationPanel\PCFLookupInformationPanelSln\obj\Debug\Metadata to bin\Debug\PCFLookupInformationPanelSln.zip and bin\Debug\PCFLookupInformationPanelSln_managed.zip

2022-08-23 14:36:33.114 - Info	Processing Component: Entities
2022-08-23 14:36:33.124 - Info	Processing Component: Roles
2022-08-23 14:36:33.124 - Info	Processing Component: Workflows
2022-08-23 14:36:33.124 - Info	Processing Component: FieldSecurityProfiles
2022-08-23 14:36:33.134 - Info	Processing Component: Templates
2022-08-23 14:36:33.134 - Info	Processing Component: EntityMaps
2022-08-23 14:36:33.134 - Info	Processing Component: EntityRelationships
2022-08-23 14:36:33.144 - Info	Processing Component: OrganizationSettings
2022-08-23 14:36:33.144 - Info	Processing Component: optionsets
2022-08-23 14:36:33.144 - Info	Processing Component: CustomControls
2022-08-23 14:36:33.162 - Info	 - CFM.PCFLookupInformationPanel
2022-08-23 14:36:33.164 - Info	Processing Component: SolutionPluginAssemblies
2022-08-23 14:36:33.164 - Info	Processing Component: EntityDataProviders
2022-08-23 14:36:33.245 - Info	
Unmanaged Pack complete.

2022-08-23 14:36:33.245 - Info	Processing Component: Entities
2022-08-23 14:36:33.245 - Info	Processing Component: Roles
2022-08-23 14:36:33.253 - Info	Processing Component: Workflows
2022-08-23 14:36:33.253 - Info	Processing Component: FieldSecurityProfiles
2022-08-23 14:36:33.253 - Info	Processing Component: Templates
2022-08-23 14:36:33.253 - Info	Processing Component: EntityMaps
2022-08-23 14:36:33.253 - Info	Processing Component: EntityRelationships
2022-08-23 14:36:33.253 - Info	Processing Component: OrganizationSettings
2022-08-23 14:36:33.253 - Info	Processing Component: optionsets
2022-08-23 14:36:33.253 - Info	Processing Component: CustomControls
2022-08-23 14:36:33.253 - Info	 - CFM.PCFLookupInformationPanel
2022-08-23 14:36:33.263 - Info	Processing Component: SolutionPluginAssemblies
2022-08-23 14:36:33.265 - Info	Processing Component: EntityDataProviders
2022-08-23 14:36:33.315 - Info	
Managed Pack complete.

2022-08-23 14:36:51.613 - Info	
Packing C:\PCFLookupInformationPanel\PCFLookupInformationPanelSln\obj\Debug\Metadata to bin\Debug\PCFLookupInformationPanelSln.zip and bin\Debug\PCFLookupInformationPanelSln_managed.zip

2022-08-23 14:36:51.628 - Info	Processing Component: Entities
2022-08-23 14:36:51.628 - Info	Processing Component: Roles
2022-08-23 14:36:51.628 - Info	Processing Component: Workflows
2022-08-23 14:36:51.628 - Info	Processing Component: FieldSecurityProfiles
2022-08-23 14:36:51.628 - Info	Processing Component: Templates
2022-08-23 14:36:51.644 - Info	Processing Component: EntityMaps
2022-08-23 14:36:51.644 - Info	Processing Component: EntityRelationships
2022-08-23 14:36:51.644 - Info	Processing Component: OrganizationSettings
2022-08-23 14:36:51.644 - Info	Processing Component: optionsets
2022-08-23 14:36:51.644 - Info	Processing Component: CustomControls
2022-08-23 14:36:51.660 - Info	 - CFM.PCFLookupInformationPanel
2022-08-23 14:36:51.660 - Info	Processing Component: SolutionPluginAssemblies
2022-08-23 14:36:51.660 - Info	Processing Component: EntityDataProviders
2022-08-23 14:36:51.744 - Info	
Unmanaged Pack complete.

2022-08-23 14:36:51.744 - Info	Processing Component: Entities
2022-08-23 14:36:51.744 - Info	Processing Component: Roles
2022-08-23 14:36:51.744 - Info	Processing Component: Workflows
2022-08-23 14:36:51.744 - Info	Processing Component: FieldSecurityProfiles
2022-08-23 14:36:51.760 - Info	Processing Component: Templates
2022-08-23 14:36:51.760 - Info	Processing Component: EntityMaps
2022-08-23 14:36:51.760 - Info	Processing Component: EntityRelationships
2022-08-23 14:36:51.760 - Info	Processing Component: OrganizationSettings
2022-08-23 14:36:51.760 - Info	Processing Component: optionsets
2022-08-23 14:36:51.760 - Info	Processing Component: CustomControls
2022-08-23 14:36:51.760 - Info	 - CFM.PCFLookupInformationPanel
2022-08-23 14:36:51.760 - Info	Processing Component: SolutionPluginAssemblies
2022-08-23 14:36:51.760 - Info	Processing Component: EntityDataProviders
2022-08-23 14:36:51.813 - Info	
Managed Pack complete.

2022-08-23 14:57:28.590 - Info	
Packing C:\PCFLookupInformationPanel\PCFLookupInformationPanelSln\obj\Debug\Metadata to bin\Debug\PCFLookupInformationPanelSln.zip and bin\Debug\PCFLookupInformationPanelSln_managed.zip

2022-08-23 14:57:28.608 - Info	Processing Component: Entities
2022-08-23 14:57:28.610 - Info	Processing Component: Roles
2022-08-23 14:57:28.620 - Info	Processing Component: Workflows
2022-08-23 14:57:28.620 - Info	Processing Component: FieldSecurityProfiles
2022-08-23 14:57:28.620 - Info	Processing Component: Templates
2022-08-23 14:57:28.628 - Info	Processing Component: EntityMaps
2022-08-23 14:57:28.630 - Info	Processing Component: EntityRelationships
2022-08-23 14:57:28.630 - Info	Processing Component: OrganizationSettings
2022-08-23 14:57:28.638 - Info	Processing Component: optionsets
2022-08-23 14:57:28.640 - Info	Processing Component: CustomControls
2022-08-23 14:57:28.650 - Info	 - CFM.PCFLookupInformationPanel
2022-08-23 14:57:28.661 - Info	Processing Component: SolutionPluginAssemblies
2022-08-23 14:57:28.661 - Info	Processing Component: EntityDataProviders
2022-08-23 14:57:28.751 - Info	
Unmanaged Pack complete.

2022-08-23 14:57:28.759 - Info	Processing Component: Entities
2022-08-23 14:57:28.759 - Info	Processing Component: Roles
2022-08-23 14:57:28.761 - Info	Processing Component: Workflows
2022-08-23 14:57:28.761 - Info	Processing Component: FieldSecurityProfiles
2022-08-23 14:57:28.761 - Info	Processing Component: Templates
2022-08-23 14:57:28.761 - Info	Processing Component: EntityMaps
2022-08-23 14:57:28.761 - Info	Processing Component: EntityRelationships
2022-08-23 14:57:28.769 - Info	Processing Component: OrganizationSettings
2022-08-23 14:57:28.771 - Info	Processing Component: optionsets
2022-08-23 14:57:28.771 - Info	Processing Component: CustomControls
2022-08-23 14:57:28.771 - Info	 - CFM.PCFLookupInformationPanel
2022-08-23 14:57:28.771 - Info	Processing Component: SolutionPluginAssemblies
2022-08-23 14:57:28.779 - Info	Processing Component: EntityDataProviders
2022-08-23 14:57:28.850 - Info	
Managed Pack complete.

2022-08-23 15:47:51.686 - Info	
Packing C:\PCFLookupInformationPanel\PCFLookupInformationPanelSln\obj\Debug\Metadata to bin\Debug\PCFLookupInformationPanelSln.zip and bin\Debug\PCFLookupInformationPanelSln_managed.zip

2022-08-23 15:47:51.697 - Info	Processing Component: Entities
2022-08-23 15:47:51.703 - Info	Processing Component: Roles
2022-08-23 15:47:51.706 - Info	Processing Component: Workflows
2022-08-23 15:47:51.707 - Info	Processing Component: FieldSecurityProfiles
2022-08-23 15:47:51.708 - Info	Processing Component: Templates
2022-08-23 15:47:51.709 - Info	Processing Component: EntityMaps
2022-08-23 15:47:51.710 - Info	Processing Component: EntityRelationships
2022-08-23 15:47:51.717 - Info	Processing Component: OrganizationSettings
2022-08-23 15:47:51.719 - Info	Processing Component: optionsets
2022-08-23 15:47:51.720 - Info	Processing Component: CustomControls
2022-08-23 15:47:51.728 - Info	 - CFM.PCFLookupInformationPanel
2022-08-23 15:47:51.735 - Info	Processing Component: SolutionPluginAssemblies
2022-08-23 15:47:51.737 - Info	Processing Component: EntityDataProviders
2022-08-23 15:47:51.823 - Info	
Unmanaged Pack complete.

2022-08-23 15:47:51.826 - Info	Processing Component: Entities
2022-08-23 15:47:51.828 - Info	Processing Component: Roles
2022-08-23 15:47:51.829 - Info	Processing Component: Workflows
2022-08-23 15:47:51.832 - Info	Processing Component: FieldSecurityProfiles
2022-08-23 15:47:51.834 - Info	Processing Component: Templates
2022-08-23 15:47:51.835 - Info	Processing Component: EntityMaps
2022-08-23 15:47:51.836 - Info	Processing Component: EntityRelationships
2022-08-23 15:47:51.838 - Info	Processing Component: OrganizationSettings
2022-08-23 15:47:51.839 - Info	Processing Component: optionsets
2022-08-23 15:47:51.844 - Info	Processing Component: CustomControls
2022-08-23 15:47:51.848 - Info	 - CFM.PCFLookupInformationPanel
2022-08-23 15:47:51.851 - Info	Processing Component: SolutionPluginAssemblies
2022-08-23 15:47:51.852 - Info	Processing Component: EntityDataProviders
2022-08-23 15:47:51.917 - Info	
Managed Pack complete.

2022-08-23 15:57:54.240 - Info	
Packing C:\PCFLookupInformationPanel\PCFLookupInformationPanelSln\obj\Debug\Metadata to bin\Debug\PCFLookupInformationPanelSln.zip and bin\Debug\PCFLookupInformationPanelSln_managed.zip

2022-08-23 15:57:54.252 - Info	Processing Component: Entities
2022-08-23 15:57:54.256 - Info	Processing Component: Roles
2022-08-23 15:57:54.260 - Info	Processing Component: Workflows
2022-08-23 15:57:54.261 - Info	Processing Component: FieldSecurityProfiles
2022-08-23 15:57:54.262 - Info	Processing Component: Templates
2022-08-23 15:57:54.263 - Info	Processing Component: EntityMaps
2022-08-23 15:57:54.264 - Info	Processing Component: EntityRelationships
2022-08-23 15:57:54.270 - Info	Processing Component: OrganizationSettings
2022-08-23 15:57:54.271 - Info	Processing Component: optionsets
2022-08-23 15:57:54.272 - Info	Processing Component: CustomControls
2022-08-23 15:57:54.284 - Info	 - CFM.PCFLookupInformationPanel
2022-08-23 15:57:54.288 - Info	Processing Component: SolutionPluginAssemblies
2022-08-23 15:57:54.290 - Info	Processing Component: EntityDataProviders
2022-08-23 15:57:54.360 - Info	
Unmanaged Pack complete.

2022-08-23 15:57:54.362 - Info	Processing Component: Entities
2022-08-23 15:57:54.364 - Info	Processing Component: Roles
2022-08-23 15:57:54.365 - Info	Processing Component: Workflows
2022-08-23 15:57:54.365 - Info	Processing Component: FieldSecurityProfiles
2022-08-23 15:57:54.367 - Info	Processing Component: Templates
2022-08-23 15:57:54.368 - Info	Processing Component: EntityMaps
2022-08-23 15:57:54.368 - Info	Processing Component: EntityRelationships
2022-08-23 15:57:54.370 - Info	Processing Component: OrganizationSettings
2022-08-23 15:57:54.370 - Info	Processing Component: optionsets
2022-08-23 15:57:54.373 - Info	Processing Component: CustomControls
2022-08-23 15:57:54.375 - Info	 - CFM.PCFLookupInformationPanel
2022-08-23 15:57:54.377 - Info	Processing Component: SolutionPluginAssemblies
2022-08-23 15:57:54.378 - Info	Processing Component: EntityDataProviders
2022-08-23 15:57:54.429 - Info	
Managed Pack complete.

2022-08-23 16:01:59.162 - Info	
Packing C:\PCFLookupInformationPanel\PCFLookupInformationPanelSln\obj\Debug\Metadata to bin\Debug\PCFLookupInformationPanelSln.zip and bin\Debug\PCFLookupInformationPanelSln_managed.zip

2022-08-23 16:01:59.184 - Info	Processing Component: Entities
2022-08-23 16:01:59.188 - Info	Processing Component: Roles
2022-08-23 16:01:59.194 - Info	Processing Component: Workflows
2022-08-23 16:01:59.195 - Info	Processing Component: FieldSecurityProfiles
2022-08-23 16:01:59.197 - Info	Processing Component: Templates
2022-08-23 16:01:59.198 - Info	Processing Component: EntityMaps
2022-08-23 16:01:59.199 - Info	Processing Component: EntityRelationships
2022-08-23 16:01:59.206 - Info	Processing Component: OrganizationSettings
2022-08-23 16:01:59.209 - Info	Processing Component: optionsets
2022-08-23 16:01:59.210 - Info	Processing Component: CustomControls
2022-08-23 16:01:59.222 - Info	 - CFM.PCFLookupInformationPanel
2022-08-23 16:01:59.229 - Info	Processing Component: SolutionPluginAssemblies
2022-08-23 16:01:59.231 - Info	Processing Component: EntityDataProviders
2022-08-23 16:01:59.310 - Info	
Unmanaged Pack complete.

2022-08-23 16:01:59.312 - Info	Processing Component: Entities
2022-08-23 16:01:59.313 - Info	Processing Component: Roles
2022-08-23 16:01:59.314 - Info	Processing Component: Workflows
2022-08-23 16:01:59.315 - Info	Processing Component: FieldSecurityProfiles
2022-08-23 16:01:59.316 - Info	Processing Component: Templates
2022-08-23 16:01:59.317 - Info	Processing Component: EntityMaps
2022-08-23 16:01:59.318 - Info	Processing Component: EntityRelationships
2022-08-23 16:01:59.319 - Info	Processing Component: OrganizationSettings
2022-08-23 16:01:59.320 - Info	Processing Component: optionsets
2022-08-23 16:01:59.321 - Info	Processing Component: CustomControls
2022-08-23 16:01:59.323 - Info	 - CFM.PCFLookupInformationPanel
2022-08-23 16:01:59.326 - Info	Processing Component: SolutionPluginAssemblies
2022-08-23 16:01:59.327 - Info	Processing Component: EntityDataProviders
2022-08-23 16:01:59.378 - Info	
Managed Pack complete.

2022-08-25 15:29:51.396 - Info	
Packing C:\PCFLookupInformationPanel\PCFLookupInformationPanelSln\obj\Debug\Metadata to bin\Debug\PCFLookupInformationPanelSln.zip and bin\Debug\PCFLookupInformationPanelSln_managed.zip

2022-08-25 15:29:51.424 - Info	Processing Component: Entities
2022-08-25 15:29:51.428 - Info	Processing Component: Roles
2022-08-25 15:29:51.432 - Info	Processing Component: Workflows
2022-08-25 15:29:51.432 - Info	Processing Component: FieldSecurityProfiles
2022-08-25 15:29:51.433 - Info	Processing Component: Templates
2022-08-25 15:29:51.436 - Info	Processing Component: EntityMaps
2022-08-25 15:29:51.437 - Info	Processing Component: EntityRelationships
2022-08-25 15:29:51.444 - Info	Processing Component: OrganizationSettings
2022-08-25 15:29:51.446 - Info	Processing Component: optionsets
2022-08-25 15:29:51.447 - Info	Processing Component: CustomControls
2022-08-25 15:29:51.458 - Info	 - CFM.PCFLookupInformationPanel
2022-08-25 15:29:51.462 - Info	Processing Component: SolutionPluginAssemblies
2022-08-25 15:29:51.464 - Info	Processing Component: EntityDataProviders
2022-08-25 15:29:51.547 - Info	
Unmanaged Pack complete.

2022-08-25 15:29:51.548 - Info	Processing Component: Entities
2022-08-25 15:29:51.549 - Info	Processing Component: Roles
2022-08-25 15:29:51.551 - Info	Processing Component: Workflows
2022-08-25 15:29:51.552 - Info	Processing Component: FieldSecurityProfiles
2022-08-25 15:29:51.553 - Info	Processing Component: Templates
2022-08-25 15:29:51.554 - Info	Processing Component: EntityMaps
2022-08-25 15:29:51.555 - Info	Processing Component: EntityRelationships
2022-08-25 15:29:51.556 - Info	Processing Component: OrganizationSettings
2022-08-25 15:29:51.557 - Info	Processing Component: optionsets
2022-08-25 15:29:51.558 - Info	Processing Component: CustomControls
2022-08-25 15:29:51.561 - Info	 - CFM.PCFLookupInformationPanel
2022-08-25 15:29:51.564 - Info	Processing Component: SolutionPluginAssemblies
2022-08-25 15:29:51.564 - Info	Processing Component: EntityDataProviders
2022-08-25 15:29:51.622 - Info	
Managed Pack complete.

2022-08-26 07:42:28.373 - Info	
Packing C:\PCFLookupInformationPanel\PCFLookupInformationPanelSln\obj\Debug\Metadata to bin\Debug\PCFLookupInformationPanelSln.zip and bin\Debug\PCFLookupInformationPanelSln_managed.zip

2022-08-26 07:42:28.389 - Info	Processing Component: Entities
2022-08-26 07:42:28.389 - Info	Processing Component: Roles
2022-08-26 07:42:28.404 - Info	Processing Component: Workflows
2022-08-26 07:42:28.404 - Info	Processing Component: FieldSecurityProfiles
2022-08-26 07:42:28.404 - Info	Processing Component: Templates
2022-08-26 07:42:28.404 - Info	Processing Component: EntityMaps
2022-08-26 07:42:28.404 - Info	Processing Component: EntityRelationships
2022-08-26 07:42:28.404 - Info	Processing Component: OrganizationSettings
2022-08-26 07:42:28.404 - Info	Processing Component: optionsets
2022-08-26 07:42:28.420 - Info	Processing Component: CustomControls
2022-08-26 07:42:28.426 - Info	 - CFM.PCFLookupInformationPanel
2022-08-26 07:42:28.426 - Info	Processing Component: SolutionPluginAssemblies
2022-08-26 07:42:28.426 - Info	Processing Component: EntityDataProviders
2022-08-26 07:42:28.504 - Info	
Unmanaged Pack complete.

2022-08-26 07:42:28.504 - Info	Processing Component: Entities
2022-08-26 07:42:28.504 - Info	Processing Component: Roles
2022-08-26 07:42:28.504 - Info	Processing Component: Workflows
2022-08-26 07:42:28.520 - Info	Processing Component: FieldSecurityProfiles
2022-08-26 07:42:28.520 - Info	Processing Component: Templates
2022-08-26 07:42:28.520 - Info	Processing Component: EntityMaps
2022-08-26 07:42:28.520 - Info	Processing Component: EntityRelationships
2022-08-26 07:42:28.520 - Info	Processing Component: OrganizationSettings
2022-08-26 07:42:28.520 - Info	Processing Component: optionsets
2022-08-26 07:42:28.527 - Info	Processing Component: CustomControls
2022-08-26 07:42:28.527 - Info	 - CFM.PCFLookupInformationPanel
2022-08-26 07:42:28.527 - Info	Processing Component: SolutionPluginAssemblies
2022-08-26 07:42:28.527 - Info	Processing Component: EntityDataProviders
2022-08-26 07:42:28.589 - Info	
Managed Pack complete.

2022-08-26 07:52:27.973 - Info	
Packing C:\PCFLookupInformationPanel\PCFLookupInformationPanelSln\obj\Debug\Metadata to bin\Debug\PCFLookupInformationPanelSln.zip and bin\Debug\PCFLookupInformationPanelSln_managed.zip

2022-08-26 07:52:27.989 - Info	Processing Component: Entities
2022-08-26 07:52:27.989 - Info	Processing Component: Roles
2022-08-26 07:52:28.004 - Info	Processing Component: Workflows
2022-08-26 07:52:28.004 - Info	Processing Component: FieldSecurityProfiles
2022-08-26 07:52:28.004 - Info	Processing Component: Templates
2022-08-26 07:52:28.004 - Info	Processing Component: EntityMaps
2022-08-26 07:52:28.011 - Info	Processing Component: EntityRelationships
2022-08-26 07:52:28.011 - Info	Processing Component: OrganizationSettings
2022-08-26 07:52:28.011 - Info	Processing Component: optionsets
2022-08-26 07:52:28.011 - Info	Processing Component: CustomControls
2022-08-26 07:52:28.026 - Info	 - CFM.PCFLookupInformationPanel
2022-08-26 07:52:28.026 - Info	Processing Component: SolutionPluginAssemblies
2022-08-26 07:52:28.026 - Info	Processing Component: EntityDataProviders
2022-08-26 07:52:28.105 - Info	
Unmanaged Pack complete.

2022-08-26 07:52:28.111 - Info	Processing Component: Entities
2022-08-26 07:52:28.111 - Info	Processing Component: Roles
2022-08-26 07:52:28.111 - Info	Processing Component: Workflows
2022-08-26 07:52:28.111 - Info	Processing Component: FieldSecurityProfiles
2022-08-26 07:52:28.111 - Info	Processing Component: Templates
2022-08-26 07:52:28.111 - Info	Processing Component: EntityMaps
2022-08-26 07:52:28.111 - Info	Processing Component: EntityRelationships
2022-08-26 07:52:28.111 - Info	Processing Component: OrganizationSettings
2022-08-26 07:52:28.111 - Info	Processing Component: optionsets
2022-08-26 07:52:28.111 - Info	Processing Component: CustomControls
2022-08-26 07:52:28.111 - Info	 - CFM.PCFLookupInformationPanel
2022-08-26 07:52:28.111 - Info	Processing Component: SolutionPluginAssemblies
2022-08-26 07:52:28.111 - Info	Processing Component: EntityDataProviders
2022-08-26 07:52:28.174 - Info	
Managed Pack complete.

2022-08-26 08:20:56.337 - Info	
Packing C:\PCFLookupInformationPanel\PCFLookupInformationPanelSln\obj\Debug\Metadata to bin\Debug\PCFLookupInformationPanelSln.zip and bin\Debug\PCFLookupInformationPanelSln_managed.zip

2022-08-26 08:20:56.353 - Info	Processing Component: Entities
2022-08-26 08:20:56.353 - Info	Processing Component: Roles
2022-08-26 08:20:56.362 - Info	Processing Component: Workflows
2022-08-26 08:20:56.362 - Info	Processing Component: FieldSecurityProfiles
2022-08-26 08:20:56.362 - Info	Processing Component: Templates
2022-08-26 08:20:56.362 - Info	Processing Component: EntityMaps
2022-08-26 08:20:56.362 - Info	Processing Component: EntityRelationships
2022-08-26 08:20:56.372 - Info	Processing Component: OrganizationSettings
2022-08-26 08:20:56.372 - Info	Processing Component: optionsets
2022-08-26 08:20:56.372 - Info	Processing Component: CustomControls
2022-08-26 08:20:56.382 - Info	 - CFM.PCFLookupInformationPanel
2022-08-26 08:20:56.382 - Info	Processing Component: SolutionPluginAssemblies
2022-08-26 08:20:56.390 - Info	Processing Component: EntityDataProviders
2022-08-26 08:20:56.462 - Info	
Unmanaged Pack complete.

2022-08-26 08:20:56.462 - Info	Processing Component: Entities
2022-08-26 08:20:56.462 - Info	Processing Component: Roles
2022-08-26 08:20:56.462 - Info	Processing Component: Workflows
2022-08-26 08:20:56.462 - Info	Processing Component: FieldSecurityProfiles
2022-08-26 08:20:56.462 - Info	Processing Component: Templates
2022-08-26 08:20:56.470 - Info	Processing Component: EntityMaps
2022-08-26 08:20:56.470 - Info	Processing Component: EntityRelationships
2022-08-26 08:20:56.470 - Info	Processing Component: OrganizationSettings
2022-08-26 08:20:56.470 - Info	Processing Component: optionsets
2022-08-26 08:20:56.470 - Info	Processing Component: CustomControls
2022-08-26 08:20:56.470 - Info	 - CFM.PCFLookupInformationPanel
2022-08-26 08:20:56.470 - Info	Processing Component: SolutionPluginAssemblies
2022-08-26 08:20:56.470 - Info	Processing Component: EntityDataProviders
2022-08-26 08:20:56.527 - Info	
Managed Pack complete.

2022-08-26 13:28:28.371 - Info	
Packing C:\PCFLookupInformationPanel\PCFLookupInformationPanelSln\obj\Debug\Metadata to bin\Debug\PCFLookupInformationPanelSln.zip and bin\Debug\PCFLookupInformationPanelSln_managed.zip

2022-08-26 13:28:28.389 - Info	Processing Component: Entities
2022-08-26 13:28:28.394 - Info	Processing Component: Roles
2022-08-26 13:28:28.401 - Info	Processing Component: Workflows
2022-08-26 13:28:28.403 - Info	Processing Component: FieldSecurityProfiles
2022-08-26 13:28:28.404 - Info	Processing Component: Templates
2022-08-26 13:28:28.407 - Info	Processing Component: EntityMaps
2022-08-26 13:28:28.408 - Info	Processing Component: EntityRelationships
2022-08-26 13:28:28.415 - Info	Processing Component: OrganizationSettings
2022-08-26 13:28:28.417 - Info	Processing Component: optionsets
2022-08-26 13:28:28.419 - Info	Processing Component: CustomControls
2022-08-26 13:28:28.431 - Info	 - CFM.PCFLookupInformationPanel
2022-08-26 13:28:28.437 - Info	Processing Component: SolutionPluginAssemblies
2022-08-26 13:28:28.440 - Info	Processing Component: EntityDataProviders
2022-08-26 13:28:28.544 - Info	
Unmanaged Pack complete.

2022-08-26 13:28:28.547 - Info	Processing Component: Entities
2022-08-26 13:28:28.548 - Info	Processing Component: Roles
2022-08-26 13:28:28.550 - Info	Processing Component: Workflows
2022-08-26 13:28:28.552 - Info	Processing Component: FieldSecurityProfiles
2022-08-26 13:28:28.553 - Info	Processing Component: Templates
2022-08-26 13:28:28.554 - Info	Processing Component: EntityMaps
2022-08-26 13:28:28.555 - Info	Processing Component: EntityRelationships
2022-08-26 13:28:28.556 - Info	Processing Component: OrganizationSettings
2022-08-26 13:28:28.558 - Info	Processing Component: optionsets
2022-08-26 13:28:28.559 - Info	Processing Component: CustomControls
2022-08-26 13:28:28.563 - Info	 - CFM.PCFLookupInformationPanel
2022-08-26 13:28:28.566 - Info	Processing Component: SolutionPluginAssemblies
2022-08-26 13:28:28.569 - Info	Processing Component: EntityDataProviders
2022-08-26 13:28:28.627 - Info	
Managed Pack complete.

2022-08-26 13:35:09.201 - Info	
Packing C:\PCFLookupInformationPanel\PCFLookupInformationPanelSln\obj\Debug\Metadata to bin\Debug\PCFLookupInformationPanelSln.zip and bin\Debug\PCFLookupInformationPanelSln_managed.zip

2022-08-26 13:35:09.212 - Info	Processing Component: Entities
2022-08-26 13:35:09.218 - Info	Processing Component: Roles
2022-08-26 13:35:09.224 - Info	Processing Component: Workflows
2022-08-26 13:35:09.226 - Info	Processing Component: FieldSecurityProfiles
2022-08-26 13:35:09.228 - Info	Processing Component: Templates
2022-08-26 13:35:09.231 - Info	Processing Component: EntityMaps
2022-08-26 13:35:09.232 - Info	Processing Component: EntityRelationships
2022-08-26 13:35:09.240 - Info	Processing Component: OrganizationSettings
2022-08-26 13:35:09.244 - Info	Processing Component: optionsets
2022-08-26 13:35:09.245 - Info	Processing Component: CustomControls
2022-08-26 13:35:09.269 - Info	 - CFM.PCFLookupInformationPanel
2022-08-26 13:35:09.279 - Info	Processing Component: SolutionPluginAssemblies
2022-08-26 13:35:09.281 - Info	Processing Component: EntityDataProviders
2022-08-26 13:35:09.375 - Info	
Unmanaged Pack complete.

2022-08-26 13:35:09.377 - Info	Processing Component: Entities
2022-08-26 13:35:09.378 - Info	Processing Component: Roles
2022-08-26 13:35:09.380 - Info	Processing Component: Workflows
2022-08-26 13:35:09.381 - Info	Processing Component: FieldSecurityProfiles
2022-08-26 13:35:09.382 - Info	Processing Component: Templates
2022-08-26 13:35:09.382 - Info	Processing Component: EntityMaps
2022-08-26 13:35:09.383 - Info	Processing Component: EntityRelationships
2022-08-26 13:35:09.385 - Info	Processing Component: OrganizationSettings
2022-08-26 13:35:09.385 - Info	Processing Component: optionsets
2022-08-26 13:35:09.388 - Info	Processing Component: CustomControls
2022-08-26 13:35:09.390 - Info	 - CFM.PCFLookupInformationPanel
2022-08-26 13:35:09.394 - Info	Processing Component: SolutionPluginAssemblies
2022-08-26 13:35:09.395 - Info	Processing Component: EntityDataProviders
2022-08-26 13:35:09.455 - Info	
Managed Pack complete.

2022-08-26 13:42:43.914 - Info	
Packing C:\PCFLookupInformationPanel\PCFLookupInformationPanelSln\obj\Debug\Metadata to bin\Debug\PCFLookupInformationPanelSln.zip and bin\Debug\PCFLookupInformationPanelSln_managed.zip

2022-08-26 13:42:43.933 - Info	Processing Component: Entities
2022-08-26 13:42:43.937 - Info	Processing Component: Roles
2022-08-26 13:42:43.942 - Info	Processing Component: Workflows
2022-08-26 13:42:43.944 - Info	Processing Component: FieldSecurityProfiles
2022-08-26 13:42:43.945 - Info	Processing Component: Templates
2022-08-26 13:42:43.947 - Info	Processing Component: EntityMaps
2022-08-26 13:42:43.949 - Info	Processing Component: EntityRelationships
2022-08-26 13:42:43.956 - Info	Processing Component: OrganizationSettings
2022-08-26 13:42:43.958 - Info	Processing Component: optionsets
2022-08-26 13:42:43.959 - Info	Processing Component: CustomControls
2022-08-26 13:42:43.972 - Info	 - CFM.PCFLookupInformationPanel
2022-08-26 13:42:43.978 - Info	Processing Component: SolutionPluginAssemblies
2022-08-26 13:42:43.982 - Info	Processing Component: EntityDataProviders
2022-08-26 13:42:44.063 - Info	
Unmanaged Pack complete.

2022-08-26 13:42:44.065 - Info	Processing Component: Entities
2022-08-26 13:42:44.066 - Info	Processing Component: Roles
2022-08-26 13:42:44.067 - Info	Processing Component: Workflows
2022-08-26 13:42:44.068 - Info	Processing Component: FieldSecurityProfiles
2022-08-26 13:42:44.069 - Info	Processing Component: Templates
2022-08-26 13:42:44.070 - Info	Processing Component: EntityMaps
2022-08-26 13:42:44.071 - Info	Processing Component: EntityRelationships
2022-08-26 13:42:44.073 - Info	Processing Component: OrganizationSettings
2022-08-26 13:42:44.074 - Info	Processing Component: optionsets
2022-08-26 13:42:44.076 - Info	Processing Component: CustomControls
2022-08-26 13:42:44.078 - Info	 - CFM.PCFLookupInformationPanel
2022-08-26 13:42:44.080 - Info	Processing Component: SolutionPluginAssemblies
2022-08-26 13:42:44.081 - Info	Processing Component: EntityDataProviders
2022-08-26 13:42:44.141 - Info	
Managed Pack complete.

2022-08-26 13:56:52.468 - Info	
Packing C:\PCFLookupInformationPanel\PCFLookupInformationPanelSln\obj\Debug\Metadata to bin\Debug\PCFLookupInformationPanelSln.zip and bin\Debug\PCFLookupInformationPanelSln_managed.zip

2022-08-26 13:56:52.485 - Info	Processing Component: Entities
2022-08-26 13:56:52.490 - Info	Processing Component: Roles
2022-08-26 13:56:52.497 - Info	Processing Component: Workflows
2022-08-26 13:56:52.498 - Info	Processing Component: FieldSecurityProfiles
2022-08-26 13:56:52.499 - Info	Processing Component: Templates
2022-08-26 13:56:52.501 - Info	Processing Component: EntityMaps
2022-08-26 13:56:52.503 - Info	Processing Component: EntityRelationships
2022-08-26 13:56:52.509 - Info	Processing Component: OrganizationSettings
2022-08-26 13:56:52.511 - Info	Processing Component: optionsets
2022-08-26 13:56:52.513 - Info	Processing Component: CustomControls
2022-08-26 13:56:52.524 - Info	 - CFM.PCFLookupInformationPanel
2022-08-26 13:56:52.529 - Info	Processing Component: SolutionPluginAssemblies
2022-08-26 13:56:52.531 - Info	Processing Component: EntityDataProviders
2022-08-26 13:56:52.624 - Info	
Unmanaged Pack complete.

2022-08-26 13:56:52.629 - Info	Processing Component: Entities
2022-08-26 13:56:52.633 - Info	Processing Component: Roles
2022-08-26 13:56:52.636 - Info	Processing Component: Workflows
2022-08-26 13:56:52.637 - Info	Processing Component: FieldSecurityProfiles
2022-08-26 13:56:52.640 - Info	Processing Component: Templates
2022-08-26 13:56:52.641 - Info	Processing Component: EntityMaps
2022-08-26 13:56:52.643 - Info	Processing Component: EntityRelationships
2022-08-26 13:56:52.644 - Info	Processing Component: OrganizationSettings
2022-08-26 13:56:52.645 - Info	Processing Component: optionsets
2022-08-26 13:56:52.646 - Info	Processing Component: CustomControls
2022-08-26 13:56:52.649 - Info	 - CFM.PCFLookupInformationPanel
2022-08-26 13:56:52.652 - Info	Processing Component: SolutionPluginAssemblies
2022-08-26 13:56:52.653 - Info	Processing Component: EntityDataProviders
2022-08-26 13:56:52.713 - Info	
Managed Pack complete.

2022-08-29 11:55:38.176 - Info	
Packing C:\PCFLookupInformationPanel\PCFLookupInformationPanelSln\obj\Debug\Metadata to bin\Debug\PCFLookupInformationPanelSln.zip and bin\Debug\PCFLookupInformationPanelSln_managed.zip

2022-08-29 11:55:38.188 - Info	Processing Component: Entities
2022-08-29 11:55:38.194 - Info	Processing Component: Roles
2022-08-29 11:55:38.200 - Info	Processing Component: Workflows
2022-08-29 11:55:38.201 - Info	Processing Component: FieldSecurityProfiles
2022-08-29 11:55:38.202 - Info	Processing Component: Templates
2022-08-29 11:55:38.204 - Info	Processing Component: EntityMaps
2022-08-29 11:55:38.206 - Info	Processing Component: EntityRelationships
2022-08-29 11:55:38.213 - Info	Processing Component: OrganizationSettings
2022-08-29 11:55:38.214 - Info	Processing Component: optionsets
2022-08-29 11:55:38.215 - Info	Processing Component: CustomControls
2022-08-29 11:55:38.225 - Info	 - CFM.PCFLookupInformationPanel
2022-08-29 11:55:38.229 - Info	Processing Component: SolutionPluginAssemblies
2022-08-29 11:55:38.231 - Info	Processing Component: EntityDataProviders
2022-08-29 11:55:38.327 - Info	
Unmanaged Pack complete.

2022-08-29 11:55:38.328 - Info	Processing Component: Entities
2022-08-29 11:55:38.329 - Info	Processing Component: Roles
2022-08-29 11:55:38.330 - Info	Processing Component: Workflows
2022-08-29 11:55:38.331 - Info	Processing Component: FieldSecurityProfiles
2022-08-29 11:55:38.332 - Info	Processing Component: Templates
2022-08-29 11:55:38.333 - Info	Processing Component: EntityMaps
2022-08-29 11:55:38.334 - Info	Processing Component: EntityRelationships
2022-08-29 11:55:38.335 - Info	Processing Component: OrganizationSettings
2022-08-29 11:55:38.336 - Info	Processing Component: optionsets
2022-08-29 11:55:38.337 - Info	Processing Component: CustomControls
2022-08-29 11:55:38.339 - Info	 - CFM.PCFLookupInformationPanel
2022-08-29 11:55:38.342 - Info	Processing Component: SolutionPluginAssemblies
2022-08-29 11:55:38.342 - Info	Processing Component: EntityDataProviders
2022-08-29 11:55:38.401 - Info	
Managed Pack complete.

2022-08-29 13:32:22.780 - Info	
Packing C:\PCFLookupInformationPanel\PCFLookupInformationPanelSln\obj\Debug\Metadata to bin\Debug\PCFLookupInformationPanelSln.zip and bin\Debug\PCFLookupInformationPanelSln_managed.zip

2022-08-29 13:32:22.796 - Info	Processing Component: Entities
2022-08-29 13:32:22.802 - Info	Processing Component: Roles
2022-08-29 13:32:22.809 - Info	Processing Component: Workflows
2022-08-29 13:32:22.810 - Info	Processing Component: FieldSecurityProfiles
2022-08-29 13:32:22.812 - Info	Processing Component: Templates
2022-08-29 13:32:22.814 - Info	Processing Component: EntityMaps
2022-08-29 13:32:22.818 - Info	Processing Component: EntityRelationships
2022-08-29 13:32:22.827 - Info	Processing Component: OrganizationSettings
2022-08-29 13:32:22.829 - Info	Processing Component: optionsets
2022-08-29 13:32:22.832 - Info	Processing Component: CustomControls
2022-08-29 13:32:22.849 - Info	 - CFM.PCFLookupInformationPanel
2022-08-29 13:32:22.864 - Info	Processing Component: SolutionPluginAssemblies
2022-08-29 13:32:22.866 - Info	Processing Component: EntityDataProviders
2022-08-29 13:32:22.964 - Info	
Unmanaged Pack complete.

2022-08-29 13:32:22.966 - Info	Processing Component: Entities
2022-08-29 13:32:22.968 - Info	Processing Component: Roles
2022-08-29 13:32:22.969 - Info	Processing Component: Workflows
2022-08-29 13:32:22.970 - Info	Processing Component: FieldSecurityProfiles
2022-08-29 13:32:22.971 - Info	Processing Component: Templates
2022-08-29 13:32:22.972 - Info	Processing Component: EntityMaps
2022-08-29 13:32:22.975 - Info	Processing Component: EntityRelationships
2022-08-29 13:32:22.976 - Info	Processing Component: OrganizationSettings
2022-08-29 13:32:22.978 - Info	Processing Component: optionsets
2022-08-29 13:32:22.979 - Info	Processing Component: CustomControls
2022-08-29 13:32:22.982 - Info	 - CFM.PCFLookupInformationPanel
2022-08-29 13:32:22.985 - Info	Processing Component: SolutionPluginAssemblies
2022-08-29 13:32:22.987 - Info	Processing Component: EntityDataProviders
2022-08-29 13:32:23.067 - Info	
Managed Pack complete.

2022-08-29 13:41:47.050 - Info	
Packing C:\PCFLookupInformationPanel\PCFLookupInformationPanelSln\obj\Debug\Metadata to bin\Debug\PCFLookupInformationPanelSln.zip and bin\Debug\PCFLookupInformationPanelSln_managed.zip

2022-08-29 13:41:47.064 - Info	Processing Component: Entities
2022-08-29 13:41:47.068 - Info	Processing Component: Roles
2022-08-29 13:41:47.072 - Info	Processing Component: Workflows
2022-08-29 13:41:47.073 - Info	Processing Component: FieldSecurityProfiles
2022-08-29 13:41:47.074 - Info	Processing Component: Templates
2022-08-29 13:41:47.076 - Info	Processing Component: EntityMaps
2022-08-29 13:41:47.078 - Info	Processing Component: EntityRelationships
2022-08-29 13:41:47.085 - Info	Processing Component: OrganizationSettings
2022-08-29 13:41:47.087 - Info	Processing Component: optionsets
2022-08-29 13:41:47.089 - Info	Processing Component: CustomControls
2022-08-29 13:41:47.099 - Info	 - CFM.PCFLookupInformationPanel
2022-08-29 13:41:47.104 - Info	Processing Component: SolutionPluginAssemblies
2022-08-29 13:41:47.107 - Info	Processing Component: EntityDataProviders
2022-08-29 13:41:47.184 - Info	
Unmanaged Pack complete.

2022-08-29 13:41:47.186 - Info	Processing Component: Entities
2022-08-29 13:41:47.186 - Info	Processing Component: Roles
2022-08-29 13:41:47.188 - Info	Processing Component: Workflows
2022-08-29 13:41:47.189 - Info	Processing Component: FieldSecurityProfiles
2022-08-29 13:41:47.190 - Info	Processing Component: Templates
2022-08-29 13:41:47.192 - Info	Processing Component: EntityMaps
2022-08-29 13:41:47.193 - Info	Processing Component: EntityRelationships
2022-08-29 13:41:47.194 - Info	Processing Component: OrganizationSettings
2022-08-29 13:41:47.195 - Info	Processing Component: optionsets
2022-08-29 13:41:47.196 - Info	Processing Component: CustomControls
2022-08-29 13:41:47.197 - Info	 - CFM.PCFLookupInformationPanel
2022-08-29 13:41:47.198 - Info	Processing Component: SolutionPluginAssemblies
2022-08-29 13:41:47.199 - Info	Processing Component: EntityDataProviders
2022-08-29 13:41:47.265 - Info	
Managed Pack complete.

2022-08-29 14:14:36.154 - Info	
Packing C:\PCFLookupInformationPanel\PCFLookupInformationPanelSln\obj\Debug\Metadata to bin\Debug\PCFLookupInformationPanelSln.zip and bin\Debug\PCFLookupInformationPanelSln_managed.zip

2022-08-29 14:14:36.165 - Info	Processing Component: Entities
2022-08-29 14:14:36.170 - Info	Processing Component: Roles
2022-08-29 14:14:36.175 - Info	Processing Component: Workflows
2022-08-29 14:14:36.176 - Info	Processing Component: FieldSecurityProfiles
2022-08-29 14:14:36.177 - Info	Processing Component: Templates
2022-08-29 14:14:36.179 - Info	Processing Component: EntityMaps
2022-08-29 14:14:36.180 - Info	Processing Component: EntityRelationships
2022-08-29 14:14:36.185 - Info	Processing Component: OrganizationSettings
2022-08-29 14:14:36.187 - Info	Processing Component: optionsets
2022-08-29 14:14:36.189 - Info	Processing Component: CustomControls
2022-08-29 14:14:36.197 - Info	 - CFM.PCFLookupInformationPanel
2022-08-29 14:14:36.203 - Info	Processing Component: SolutionPluginAssemblies
2022-08-29 14:14:36.205 - Info	Processing Component: EntityDataProviders
2022-08-29 14:14:36.281 - Info	
Unmanaged Pack complete.

2022-08-29 14:14:36.283 - Info	Processing Component: Entities
2022-08-29 14:14:36.284 - Info	Processing Component: Roles
2022-08-29 14:14:36.285 - Info	Processing Component: Workflows
2022-08-29 14:14:36.286 - Info	Processing Component: FieldSecurityProfiles
2022-08-29 14:14:36.287 - Info	Processing Component: Templates
2022-08-29 14:14:36.288 - Info	Processing Component: EntityMaps
2022-08-29 14:14:36.289 - Info	Processing Component: EntityRelationships
2022-08-29 14:14:36.290 - Info	Processing Component: OrganizationSettings
2022-08-29 14:14:36.291 - Info	Processing Component: optionsets
2022-08-29 14:14:36.293 - Info	Processing Component: CustomControls
2022-08-29 14:14:36.295 - Info	 - CFM.PCFLookupInformationPanel
2022-08-29 14:14:36.297 - Info	Processing Component: SolutionPluginAssemblies
2022-08-29 14:14:36.298 - Info	Processing Component: EntityDataProviders
2022-08-29 14:14:36.357 - Info	
Managed Pack complete.

2022-08-29 14:22:54.377 - Info	
Packing C:\PCFLookupInformationPanel\PCFLookupInformationPanelSln\obj\Debug\Metadata to bin\Debug\PCFLookupInformationPanelSln.zip and bin\Debug\PCFLookupInformationPanelSln_managed.zip

2022-08-29 14:22:54.391 - Info	Processing Component: Entities
2022-08-29 14:22:54.396 - Info	Processing Component: Roles
2022-08-29 14:22:54.401 - Info	Processing Component: Workflows
2022-08-29 14:22:54.402 - Info	Processing Component: FieldSecurityProfiles
2022-08-29 14:22:54.404 - Info	Processing Component: Templates
2022-08-29 14:22:54.405 - Info	Processing Component: EntityMaps
2022-08-29 14:22:54.406 - Info	Processing Component: EntityRelationships
2022-08-29 14:22:54.411 - Info	Processing Component: OrganizationSettings
2022-08-29 14:22:54.412 - Info	Processing Component: optionsets
2022-08-29 14:22:54.413 - Info	Processing Component: CustomControls
2022-08-29 14:22:54.423 - Info	 - CFM.PCFLookupInformationPanel
2022-08-29 14:22:54.428 - Info	Processing Component: SolutionPluginAssemblies
2022-08-29 14:22:54.431 - Info	Processing Component: EntityDataProviders
2022-08-29 14:22:54.510 - Info	
Unmanaged Pack complete.

2022-08-29 14:22:54.513 - Info	Processing Component: Entities
2022-08-29 14:22:54.514 - Info	Processing Component: Roles
2022-08-29 14:22:54.515 - Info	Processing Component: Workflows
2022-08-29 14:22:54.515 - Info	Processing Component: FieldSecurityProfiles
2022-08-29 14:22:54.516 - Info	Processing Component: Templates
2022-08-29 14:22:54.517 - Info	Processing Component: EntityMaps
2022-08-29 14:22:54.518 - Info	Processing Component: EntityRelationships
2022-08-29 14:22:54.520 - Info	Processing Component: OrganizationSettings
2022-08-29 14:22:54.521 - Info	Processing Component: optionsets
2022-08-29 14:22:54.522 - Info	Processing Component: CustomControls
2022-08-29 14:22:54.525 - Info	 - CFM.PCFLookupInformationPanel
2022-08-29 14:22:54.527 - Info	Processing Component: SolutionPluginAssemblies
2022-08-29 14:22:54.528 - Info	Processing Component: EntityDataProviders
2022-08-29 14:22:54.580 - Info	
Managed Pack complete.

2022-08-29 14:23:21.997 - Info	
Packing C:\PCFLookupInformationPanel\PCFLookupInformationPanelSln\obj\Debug\Metadata to bin\Debug\PCFLookupInformationPanelSln.zip and bin\Debug\PCFLookupInformationPanelSln_managed.zip

2022-08-29 14:23:22.011 - Info	Processing Component: Entities
2022-08-29 14:23:22.014 - Info	Processing Component: Roles
2022-08-29 14:23:22.018 - Info	Processing Component: Workflows
2022-08-29 14:23:22.020 - Info	Processing Component: FieldSecurityProfiles
2022-08-29 14:23:22.021 - Info	Processing Component: Templates
2022-08-29 14:23:22.023 - Info	Processing Component: EntityMaps
2022-08-29 14:23:22.025 - Info	Processing Component: EntityRelationships
2022-08-29 14:23:22.032 - Info	Processing Component: OrganizationSettings
2022-08-29 14:23:22.034 - Info	Processing Component: optionsets
2022-08-29 14:23:22.036 - Info	Processing Component: CustomControls
2022-08-29 14:23:22.048 - Info	 - CFM.PCFLookupInformationPanel
2022-08-29 14:23:22.054 - Info	Processing Component: SolutionPluginAssemblies
2022-08-29 14:23:22.056 - Info	Processing Component: EntityDataProviders
2022-08-29 14:23:22.142 - Info	
Unmanaged Pack complete.

2022-08-29 14:23:22.144 - Info	Processing Component: Entities
2022-08-29 14:23:22.145 - Info	Processing Component: Roles
2022-08-29 14:23:22.147 - Info	Processing Component: Workflows
2022-08-29 14:23:22.148 - Info	Processing Component: FieldSecurityProfiles
2022-08-29 14:23:22.149 - Info	Processing Component: Templates
2022-08-29 14:23:22.150 - Info	Processing Component: EntityMaps
2022-08-29 14:23:22.151 - Info	Processing Component: EntityRelationships
2022-08-29 14:23:22.152 - Info	Processing Component: OrganizationSettings
2022-08-29 14:23:22.153 - Info	Processing Component: optionsets
2022-08-29 14:23:22.154 - Info	Processing Component: CustomControls
2022-08-29 14:23:22.157 - Info	 - CFM.PCFLookupInformationPanel
2022-08-29 14:23:22.160 - Info	Processing Component: SolutionPluginAssemblies
2022-08-29 14:23:22.161 - Info	Processing Component: EntityDataProviders
2022-08-29 14:23:22.219 - Info	
Managed Pack complete.

2022-08-29 14:29:37.142 - Info	
Packing C:\PCFLookupInformationPanel\PCFLookupInformationPanelSln\obj\Debug\Metadata to bin\Debug\PCFLookupInformationPanelSln.zip and bin\Debug\PCFLookupInformationPanelSln_managed.zip

2022-08-29 14:29:37.155 - Info	Processing Component: Entities
2022-08-29 14:29:37.159 - Info	Processing Component: Roles
2022-08-29 14:29:37.164 - Info	Processing Component: Workflows
2022-08-29 14:29:37.165 - Info	Processing Component: FieldSecurityProfiles
2022-08-29 14:29:37.166 - Info	Processing Component: Templates
2022-08-29 14:29:37.167 - Info	Processing Component: EntityMaps
2022-08-29 14:29:37.168 - Info	Processing Component: EntityRelationships
2022-08-29 14:29:37.173 - Info	Processing Component: OrganizationSettings
2022-08-29 14:29:37.174 - Info	Processing Component: optionsets
2022-08-29 14:29:37.177 - Info	Processing Component: CustomControls
2022-08-29 14:29:37.185 - Info	 - CFM.PCFLookupInformationPanel
2022-08-29 14:29:37.189 - Info	Processing Component: SolutionPluginAssemblies
2022-08-29 14:29:37.190 - Info	Processing Component: EntityDataProviders
2022-08-29 14:29:37.275 - Info	
Unmanaged Pack complete.

2022-08-29 14:29:37.277 - Info	Processing Component: Entities
2022-08-29 14:29:37.278 - Info	Processing Component: Roles
2022-08-29 14:29:37.279 - Info	Processing Component: Workflows
2022-08-29 14:29:37.280 - Info	Processing Component: FieldSecurityProfiles
2022-08-29 14:29:37.281 - Info	Processing Component: Templates
2022-08-29 14:29:37.282 - Info	Processing Component: EntityMaps
2022-08-29 14:29:37.284 - Info	Processing Component: EntityRelationships
2022-08-29 14:29:37.286 - Info	Processing Component: OrganizationSettings
2022-08-29 14:29:37.287 - Info	Processing Component: optionsets
2022-08-29 14:29:37.288 - Info	Processing Component: CustomControls
2022-08-29 14:29:37.290 - Info	 - CFM.PCFLookupInformationPanel
2022-08-29 14:29:37.293 - Info	Processing Component: SolutionPluginAssemblies
2022-08-29 14:29:37.294 - Info	Processing Component: EntityDataProviders
2022-08-29 14:29:37.348 - Info	
Managed Pack complete.

2022-08-29 14:32:24.447 - Info	
Packing C:\PCFLookupInformationPanel\PCFLookupInformationPanelSln\obj\Debug\Metadata to bin\Debug\PCFLookupInformationPanelSln.zip and bin\Debug\PCFLookupInformationPanelSln_managed.zip

2022-08-29 14:32:24.458 - Info	Processing Component: Entities
2022-08-29 14:32:24.462 - Info	Processing Component: Roles
2022-08-29 14:32:24.467 - Info	Processing Component: Workflows
2022-08-29 14:32:24.467 - Info	Processing Component: FieldSecurityProfiles
2022-08-29 14:32:24.469 - Info	Processing Component: Templates
2022-08-29 14:32:24.470 - Info	Processing Component: EntityMaps
2022-08-29 14:32:24.471 - Info	Processing Component: EntityRelationships
2022-08-29 14:32:24.476 - Info	Processing Component: OrganizationSettings
2022-08-29 14:32:24.477 - Info	Processing Component: optionsets
2022-08-29 14:32:24.480 - Info	Processing Component: CustomControls
2022-08-29 14:32:24.488 - Info	 - CFM.PCFLookupInformationPanel
2022-08-29 14:32:24.492 - Info	Processing Component: SolutionPluginAssemblies
2022-08-29 14:32:24.494 - Info	Processing Component: EntityDataProviders
2022-08-29 14:32:24.577 - Info	
Unmanaged Pack complete.

2022-08-29 14:32:24.579 - Info	Processing Component: Entities
2022-08-29 14:32:24.580 - Info	Processing Component: Roles
2022-08-29 14:32:24.581 - Info	Processing Component: Workflows
2022-08-29 14:32:24.582 - Info	Processing Component: FieldSecurityProfiles
2022-08-29 14:32:24.583 - Info	Processing Component: Templates
2022-08-29 14:32:24.584 - Info	Processing Component: EntityMaps
2022-08-29 14:32:24.585 - Info	Processing Component: EntityRelationships
2022-08-29 14:32:24.587 - Info	Processing Component: OrganizationSettings
2022-08-29 14:32:24.587 - Info	Processing Component: optionsets
2022-08-29 14:32:24.588 - Info	Processing Component: CustomControls
2022-08-29 14:32:24.591 - Info	 - CFM.PCFLookupInformationPanel
2022-08-29 14:32:24.593 - Info	Processing Component: SolutionPluginAssemblies
2022-08-29 14:32:24.595 - Info	Processing Component: EntityDataProviders
2022-08-29 14:32:24.647 - Info	
Managed Pack complete.

2022-08-29 14:32:47.577 - Info	
Packing C:\PCFLookupInformationPanel\PCFLookupInformationPanelSln\obj\Debug\Metadata to bin\Debug\PCFLookupInformationPanelSln.zip and bin\Debug\PCFLookupInformationPanelSln_managed.zip

2022-08-29 14:32:47.591 - Info	Processing Component: Entities
2022-08-29 14:32:47.595 - Info	Processing Component: Roles
2022-08-29 14:32:47.598 - Info	Processing Component: Workflows
2022-08-29 14:32:47.599 - Info	Processing Component: FieldSecurityProfiles
2022-08-29 14:32:47.601 - Info	Processing Component: Templates
2022-08-29 14:32:47.603 - Info	Processing Component: EntityMaps
2022-08-29 14:32:47.604 - Info	Processing Component: EntityRelationships
2022-08-29 14:32:47.610 - Info	Processing Component: OrganizationSettings
2022-08-29 14:32:47.611 - Info	Processing Component: optionsets
2022-08-29 14:32:47.613 - Info	Processing Component: CustomControls
2022-08-29 14:32:47.621 - Info	 - CFM.PCFLookupInformationPanel
2022-08-29 14:32:47.627 - Info	Processing Component: SolutionPluginAssemblies
2022-08-29 14:32:47.630 - Info	Processing Component: EntityDataProviders
2022-08-29 14:32:47.711 - Info	
Unmanaged Pack complete.

2022-08-29 14:32:47.713 - Info	Processing Component: Entities
2022-08-29 14:32:47.714 - Info	Processing Component: Roles
2022-08-29 14:32:47.715 - Info	Processing Component: Workflows
2022-08-29 14:32:47.716 - Info	Processing Component: FieldSecurityProfiles
2022-08-29 14:32:47.717 - Info	Processing Component: Templates
2022-08-29 14:32:47.717 - Info	Processing Component: EntityMaps
2022-08-29 14:32:47.718 - Info	Processing Component: EntityRelationships
2022-08-29 14:32:47.719 - Info	Processing Component: OrganizationSettings
2022-08-29 14:32:47.720 - Info	Processing Component: optionsets
2022-08-29 14:32:47.720 - Info	Processing Component: CustomControls
2022-08-29 14:32:47.722 - Info	 - CFM.PCFLookupInformationPanel
2022-08-29 14:32:47.727 - Info	Processing Component: SolutionPluginAssemblies
2022-08-29 14:32:47.728 - Info	Processing Component: EntityDataProviders
2022-08-29 14:32:47.784 - Info	
Managed Pack complete.

2022-08-29 14:54:52.218 - Info	
Packing C:\PCFLookupInformationPanel\PCFLookupInformationPanelSln\obj\Debug\Metadata to bin\Debug\PCFLookupInformationPanelSln.zip and bin\Debug\PCFLookupInformationPanelSln_managed.zip

2022-08-29 14:54:52.230 - Info	Processing Component: Entities
2022-08-29 14:54:52.233 - Info	Processing Component: Roles
2022-08-29 14:54:52.239 - Info	Processing Component: Workflows
2022-08-29 14:54:52.240 - Info	Processing Component: FieldSecurityProfiles
2022-08-29 14:54:52.241 - Info	Processing Component: Templates
2022-08-29 14:54:52.243 - Info	Processing Component: EntityMaps
2022-08-29 14:54:52.244 - Info	Processing Component: EntityRelationships
2022-08-29 14:54:52.249 - Info	Processing Component: OrganizationSettings
2022-08-29 14:54:52.251 - Info	Processing Component: optionsets
2022-08-29 14:54:52.252 - Info	Processing Component: CustomControls
2022-08-29 14:54:52.261 - Info	 - CFM.PCFLookupInformationPanel
2022-08-29 14:54:52.266 - Info	Processing Component: SolutionPluginAssemblies
2022-08-29 14:54:52.268 - Info	Processing Component: EntityDataProviders
2022-08-29 14:54:52.341 - Info	
Unmanaged Pack complete.

2022-08-29 14:54:52.342 - Info	Processing Component: Entities
2022-08-29 14:54:52.343 - Info	Processing Component: Roles
2022-08-29 14:54:52.344 - Info	Processing Component: Workflows
2022-08-29 14:54:52.345 - Info	Processing Component: FieldSecurityProfiles
2022-08-29 14:54:52.346 - Info	Processing Component: Templates
2022-08-29 14:54:52.346 - Info	Processing Component: EntityMaps
2022-08-29 14:54:52.347 - Info	Processing Component: EntityRelationships
2022-08-29 14:54:52.350 - Info	Processing Component: OrganizationSettings
2022-08-29 14:54:52.351 - Info	Processing Component: optionsets
2022-08-29 14:54:52.352 - Info	Processing Component: CustomControls
2022-08-29 14:54:52.355 - Info	 - CFM.PCFLookupInformationPanel
2022-08-29 14:54:52.356 - Info	Processing Component: SolutionPluginAssemblies
2022-08-29 14:54:52.357 - Info	Processing Component: EntityDataProviders
2022-08-29 14:54:52.412 - Info	
Managed Pack complete.

2022-08-29 15:05:17.785 - Info	
Packing C:\PCFLookupInformationPanel\PCFLookupInformationPanelSln\obj\Debug\Metadata to bin\Debug\PCFLookupInformationPanelSln.zip and bin\Debug\PCFLookupInformationPanelSln_managed.zip

2022-08-29 15:05:17.799 - Info	Processing Component: Entities
2022-08-29 15:05:17.803 - Info	Processing Component: Roles
2022-08-29 15:05:17.808 - Info	Processing Component: Workflows
2022-08-29 15:05:17.809 - Info	Processing Component: FieldSecurityProfiles
2022-08-29 15:05:17.810 - Info	Processing Component: Templates
2022-08-29 15:05:17.812 - Info	Processing Component: EntityMaps
2022-08-29 15:05:17.813 - Info	Processing Component: EntityRelationships
2022-08-29 15:05:17.818 - Info	Processing Component: OrganizationSettings
2022-08-29 15:05:17.820 - Info	Processing Component: optionsets
2022-08-29 15:05:17.821 - Info	Processing Component: CustomControls
2022-08-29 15:05:17.830 - Info	 - CFM.PCFLookupInformationPanel
2022-08-29 15:05:17.836 - Info	Processing Component: SolutionPluginAssemblies
2022-08-29 15:05:17.838 - Info	Processing Component: EntityDataProviders
2022-08-29 15:05:17.910 - Info	
Unmanaged Pack complete.

2022-08-29 15:05:17.911 - Info	Processing Component: Entities
2022-08-29 15:05:17.912 - Info	Processing Component: Roles
2022-08-29 15:05:17.913 - Info	Processing Component: Workflows
2022-08-29 15:05:17.914 - Info	Processing Component: FieldSecurityProfiles
2022-08-29 15:05:17.915 - Info	Processing Component: Templates
2022-08-29 15:05:17.916 - Info	Processing Component: EntityMaps
2022-08-29 15:05:17.916 - Info	Processing Component: EntityRelationships
2022-08-29 15:05:17.918 - Info	Processing Component: OrganizationSettings
2022-08-29 15:05:17.918 - Info	Processing Component: optionsets
2022-08-29 15:05:17.919 - Info	Processing Component: CustomControls
2022-08-29 15:05:17.923 - Info	 - CFM.PCFLookupInformationPanel
2022-08-29 15:05:17.926 - Info	Processing Component: SolutionPluginAssemblies
2022-08-29 15:05:17.928 - Info	Processing Component: EntityDataProviders
2022-08-29 15:05:17.982 - Info	
Managed Pack complete.

2022-08-30 13:43:08.079 - Info	
Packing C:\PCFLookupInformationPanel\PCFLookupInformationPanelSln\obj\Debug\Metadata to bin\Debug\PCFLookupInformationPanelSln.zip and bin\Debug\PCFLookupInformationPanelSln_managed.zip

2022-08-30 13:43:08.097 - Info	Processing Component: Entities
2022-08-30 13:43:08.105 - Info	Processing Component: Roles
2022-08-30 13:43:08.109 - Info	Processing Component: Workflows
2022-08-30 13:43:08.110 - Info	Processing Component: FieldSecurityProfiles
2022-08-30 13:43:08.111 - Info	Processing Component: Templates
2022-08-30 13:43:08.113 - Info	Processing Component: EntityMaps
2022-08-30 13:43:08.114 - Info	Processing Component: EntityRelationships
2022-08-30 13:43:08.125 - Info	Processing Component: OrganizationSettings
2022-08-30 13:43:08.127 - Info	Processing Component: optionsets
2022-08-30 13:43:08.127 - Info	Processing Component: CustomControls
2022-08-30 13:43:08.141 - Info	 - CFM.PCFLookupInformationPanel
2022-08-30 13:43:08.145 - Info	Processing Component: SolutionPluginAssemblies
2022-08-30 13:43:08.147 - Info	Processing Component: EntityDataProviders
2022-08-30 13:43:08.267 - Info	
Unmanaged Pack complete.

2022-08-30 13:43:08.271 - Info	Processing Component: Entities
2022-08-30 13:43:08.272 - Info	Processing Component: Roles
2022-08-30 13:43:08.273 - Info	Processing Component: Workflows
2022-08-30 13:43:08.274 - Info	Processing Component: FieldSecurityProfiles
2022-08-30 13:43:08.275 - Info	Processing Component: Templates
2022-08-30 13:43:08.276 - Info	Processing Component: EntityMaps
2022-08-30 13:43:08.277 - Info	Processing Component: EntityRelationships
2022-08-30 13:43:08.279 - Info	Processing Component: OrganizationSettings
2022-08-30 13:43:08.279 - Info	Processing Component: optionsets
2022-08-30 13:43:08.285 - Info	Processing Component: CustomControls
2022-08-30 13:43:08.289 - Info	 - CFM.PCFLookupInformationPanel
2022-08-30 13:43:08.291 - Info	Processing Component: SolutionPluginAssemblies
2022-08-30 13:43:08.291 - Info	Processing Component: EntityDataProviders
2022-08-30 13:43:08.358 - Info	
Managed Pack complete.

2022-08-30 13:55:22.777 - Info	
Packing C:\PCFLookupInformationPanel\PCFLookupInformationPanelSln\obj\Debug\Metadata to bin\Debug\PCFLookupInformationPanelSln.zip and bin\Debug\PCFLookupInformationPanelSln_managed.zip

2022-08-30 13:55:22.791 - Info	Processing Component: Entities
2022-08-30 13:55:22.795 - Info	Processing Component: Roles
2022-08-30 13:55:22.799 - Info	Processing Component: Workflows
2022-08-30 13:55:22.800 - Info	Processing Component: FieldSecurityProfiles
2022-08-30 13:55:22.801 - Info	Processing Component: Templates
2022-08-30 13:55:22.802 - Info	Processing Component: EntityMaps
2022-08-30 13:55:22.803 - Info	Processing Component: EntityRelationships
2022-08-30 13:55:22.808 - Info	Processing Component: OrganizationSettings
2022-08-30 13:55:22.810 - Info	Processing Component: optionsets
2022-08-30 13:55:22.811 - Info	Processing Component: CustomControls
2022-08-30 13:55:22.821 - Info	 - CFM.PCFLookupInformationPanel
2022-08-30 13:55:22.825 - Info	Processing Component: SolutionPluginAssemblies
2022-08-30 13:55:22.829 - Info	Processing Component: EntityDataProviders
2022-08-30 13:55:22.901 - Info	
Unmanaged Pack complete.

2022-08-30 13:55:22.903 - Info	Processing Component: Entities
2022-08-30 13:55:22.904 - Info	Processing Component: Roles
2022-08-30 13:55:22.905 - Info	Processing Component: Workflows
2022-08-30 13:55:22.906 - Info	Processing Component: FieldSecurityProfiles
2022-08-30 13:55:22.907 - Info	Processing Component: Templates
2022-08-30 13:55:22.908 - Info	Processing Component: EntityMaps
2022-08-30 13:55:22.909 - Info	Processing Component: EntityRelationships
2022-08-30 13:55:22.910 - Info	Processing Component: OrganizationSettings
2022-08-30 13:55:22.910 - Info	Processing Component: optionsets
2022-08-30 13:55:22.912 - Info	Processing Component: CustomControls
2022-08-30 13:55:22.914 - Info	 - CFM.PCFLookupInformationPanel
2022-08-30 13:55:22.918 - Info	Processing Component: SolutionPluginAssemblies
2022-08-30 13:55:22.919 - Info	Processing Component: EntityDataProviders
2022-08-30 13:55:22.970 - Info	
Managed Pack complete.

